Determining if the pthread_create exist failed with the following output:
Change Dir: /home/velab/catkin_ws1/build/CMakeFiles/CMakeTmp

Run Build Command:/usr/bin/make "cmTryCompileExec3053794479/fast"
/usr/bin/make -f CMakeFiles/cmTryCompileExec3053794479.dir/build.make CMakeFiles/cmTryCompileExec3053794479.dir/build
make[1]: Entering directory `/home/velab/catkin_ws1/build/CMakeFiles/CMakeTmp'
/usr/bin/cmake -E cmake_progress_report /home/velab/catkin_ws1/build/CMakeFiles/CMakeTmp/CMakeFiles 1
Building C object CMakeFiles/cmTryCompileExec3053794479.dir/CheckSymbolExists.c.o
/usr/bin/cc    -o CMakeFiles/cmTryCompileExec3053794479.dir/CheckSymbolExists.c.o   -c /home/velab/catkin_ws1/build/CMakeFiles/CMakeTmp/CheckSymbolExists.c
Linking C executable cmTryCompileExec3053794479
/usr/bin/cmake -E cmake_link_script CMakeFiles/cmTryCompileExec3053794479.dir/link.txt --verbose=1
/usr/bin/cc       CMakeFiles/cmTryCompileExec3053794479.dir/CheckSymbolExists.c.o  -o cmTryCompileExec3053794479 -rdynamic 
CMakeFiles/cmTryCompileExec3053794479.dir/CheckSymbolExists.c.o: In function `main':
CheckSymbolExists.c:(.text+0x16): undefined reference to `pthread_create'
collect2: error: ld returned 1 exit status
make[1]: *** [cmTryCompileExec3053794479] Error 1
make[1]: Leaving directory `/home/velab/catkin_ws1/build/CMakeFiles/CMakeTmp'
make: *** [cmTryCompileExec3053794479/fast] Error 2

File /home/velab/catkin_ws1/build/CMakeFiles/CMakeTmp/CheckSymbolExists.c:
/* */
#include <pthread.h>

int main(int argc, char** argv)
{
  (void)argv;
#ifndef pthread_create
  return ((int*)(&pthread_create))[argc];
#else
  (void)argc;
  return 0;
#endif
}

Determining if the function pthread_create exists in the pthreads failed with the following output:
Change Dir: /home/velab/catkin_ws1/build/CMakeFiles/CMakeTmp

Run Build Command:/usr/bin/make "cmTryCompileExec4131129055/fast"
/usr/bin/make -f CMakeFiles/cmTryCompileExec4131129055.dir/build.make CMakeFiles/cmTryCompileExec4131129055.dir/build
make[1]: Entering directory `/home/velab/catkin_ws1/build/CMakeFiles/CMakeTmp'
/usr/bin/cmake -E cmake_progress_report /home/velab/catkin_ws1/build/CMakeFiles/CMakeTmp/CMakeFiles 1
Building C object CMakeFiles/cmTryCompileExec4131129055.dir/CheckFunctionExists.c.o
/usr/bin/cc   -DCHECK_FUNCTION_EXISTS=pthread_create   -o CMakeFiles/cmTryCompileExec4131129055.dir/CheckFunctionExists.c.o   -c /usr/share/cmake-2.8/Modules/CheckFunctionExists.c
Linking C executable cmTryCompileExec4131129055
/usr/bin/cmake -E cmake_link_script CMakeFiles/cmTryCompileExec4131129055.dir/link.txt --verbose=1
/usr/bin/cc   -DCHECK_FUNCTION_EXISTS=pthread_create    CMakeFiles/cmTryCompileExec4131129055.dir/CheckFunctionExists.c.o  -o cmTryCompileExec4131129055 -rdynamic -lpthreads 
/usr/bin/ld: cannot find -lpthreads
collect2: error: ld returned 1 exit status
make[1]: *** [cmTryCompileExec4131129055] Error 1
make[1]: Leaving directory `/home/velab/catkin_ws1/build/CMakeFiles/CMakeTmp'
make: *** [cmTryCompileExec4131129055/fast] Error 2


Determining if the Q_WS_WIN exist failed with the following output:
Change Dir: /home/velab/catkin_ws1/build/CMakeFiles/CMakeTmp

Run Build Command:/usr/bin/make "cmTryCompileExec2488491814/fast"
/usr/bin/make -f CMakeFiles/cmTryCompileExec2488491814.dir/build.make CMakeFiles/cmTryCompileExec2488491814.dir/build
make[1]: Entering directory `/home/velab/catkin_ws1/build/CMakeFiles/CMakeTmp'
/usr/bin/cmake -E cmake_progress_report /home/velab/catkin_ws1/build/CMakeFiles/CMakeTmp/CMakeFiles 1
Building CXX object CMakeFiles/cmTryCompileExec2488491814.dir/CheckSymbolExists.cxx.o
/usr/bin/c++    -I/usr/include/qt4    -o CMakeFiles/cmTryCompileExec2488491814.dir/CheckSymbolExists.cxx.o -c /home/velab/catkin_ws1/build/CMakeFiles/CMakeTmp/CheckSymbolExists.cxx
/home/velab/catkin_ws1/build/CMakeFiles/CMakeTmp/CheckSymbolExists.cxx: In function ‘int main(int, char**)’:
/home/velab/catkin_ws1/build/CMakeFiles/CMakeTmp/CheckSymbolExists.cxx:8:19: error: ‘Q_WS_WIN’ was not declared in this scope
   return ((int*)(&Q_WS_WIN))[argc];
                   ^
make[1]: *** [CMakeFiles/cmTryCompileExec2488491814.dir/CheckSymbolExists.cxx.o] Error 1
make[1]: Leaving directory `/home/velab/catkin_ws1/build/CMakeFiles/CMakeTmp'
make: *** [cmTryCompileExec2488491814/fast] Error 2

File /home/velab/catkin_ws1/build/CMakeFiles/CMakeTmp/CheckSymbolExists.cxx:
/* */
#include <QtCore/qglobal.h>

int main(int argc, char** argv)
{
  (void)argv;
#ifndef Q_WS_WIN
  return ((int*)(&Q_WS_WIN))[argc];
#else
  (void)argc;
  return 0;
#endif
}

Determining if the Q_WS_QWS exist failed with the following output:
Change Dir: /home/velab/catkin_ws1/build/CMakeFiles/CMakeTmp

Run Build Command:/usr/bin/make "cmTryCompileExec2607998824/fast"
/usr/bin/make -f CMakeFiles/cmTryCompileExec2607998824.dir/build.make CMakeFiles/cmTryCompileExec2607998824.dir/build
make[1]: Entering directory `/home/velab/catkin_ws1/build/CMakeFiles/CMakeTmp'
/usr/bin/cmake -E cmake_progress_report /home/velab/catkin_ws1/build/CMakeFiles/CMakeTmp/CMakeFiles 1
Building CXX object CMakeFiles/cmTryCompileExec2607998824.dir/CheckSymbolExists.cxx.o
/usr/bin/c++    -I/usr/include/qt4    -o CMakeFiles/cmTryCompileExec2607998824.dir/CheckSymbolExists.cxx.o -c /home/velab/catkin_ws1/build/CMakeFiles/CMakeTmp/CheckSymbolExists.cxx
/home/velab/catkin_ws1/build/CMakeFiles/CMakeTmp/CheckSymbolExists.cxx: In function ‘int main(int, char**)’:
/home/velab/catkin_ws1/build/CMakeFiles/CMakeTmp/CheckSymbolExists.cxx:8:19: error: ‘Q_WS_QWS’ was not declared in this scope
   return ((int*)(&Q_WS_QWS))[argc];
                   ^
make[1]: *** [CMakeFiles/cmTryCompileExec2607998824.dir/CheckSymbolExists.cxx.o] Error 1
make[1]: Leaving directory `/home/velab/catkin_ws1/build/CMakeFiles/CMakeTmp'
make: *** [cmTryCompileExec2607998824/fast] Error 2

File /home/velab/catkin_ws1/build/CMakeFiles/CMakeTmp/CheckSymbolExists.cxx:
/* */
#include <QtCore/qglobal.h>

int main(int argc, char** argv)
{
  (void)argv;
#ifndef Q_WS_QWS
  return ((int*)(&Q_WS_QWS))[argc];
#else
  (void)argc;
  return 0;
#endif
}

Determining if the Q_WS_MAC exist failed with the following output:
Change Dir: /home/velab/catkin_ws1/build/CMakeFiles/CMakeTmp

Run Build Command:/usr/bin/make "cmTryCompileExec3063030909/fast"
/usr/bin/make -f CMakeFiles/cmTryCompileExec3063030909.dir/build.make CMakeFiles/cmTryCompileExec3063030909.dir/build
make[1]: Entering directory `/home/velab/catkin_ws1/build/CMakeFiles/CMakeTmp'
/usr/bin/cmake -E cmake_progress_report /home/velab/catkin_ws1/build/CMakeFiles/CMakeTmp/CMakeFiles 1
Building CXX object CMakeFiles/cmTryCompileExec3063030909.dir/CheckSymbolExists.cxx.o
/usr/bin/c++    -I/usr/include/qt4    -o CMakeFiles/cmTryCompileExec3063030909.dir/CheckSymbolExists.cxx.o -c /home/velab/catkin_ws1/build/CMakeFiles/CMakeTmp/CheckSymbolExists.cxx
/home/velab/catkin_ws1/build/CMakeFiles/CMakeTmp/CheckSymbolExists.cxx: In function ‘int main(int, char**)’:
/home/velab/catkin_ws1/build/CMakeFiles/CMakeTmp/CheckSymbolExists.cxx:8:19: error: ‘Q_WS_MAC’ was not declared in this scope
   return ((int*)(&Q_WS_MAC))[argc];
                   ^
make[1]: *** [CMakeFiles/cmTryCompileExec3063030909.dir/CheckSymbolExists.cxx.o] Error 1
make[1]: Leaving directory `/home/velab/catkin_ws1/build/CMakeFiles/CMakeTmp'
make: *** [cmTryCompileExec3063030909/fast] Error 2

File /home/velab/catkin_ws1/build/CMakeFiles/CMakeTmp/CheckSymbolExists.cxx:
/* */
#include <QtCore/qglobal.h>

int main(int argc, char** argv)
{
  (void)argv;
#ifndef Q_WS_MAC
  return ((int*)(&Q_WS_MAC))[argc];
#else
  (void)argc;
  return 0;
#endif
}

